2013/06/14 11:57:13 [error] [exception.CHttpException.404] exception 'CHttpException' with message 'Unable to resolve the request "favicon.ico".' in /var/www/dbdmart/yii/framework/web/CWebApplication.php:286
Stack trace:
#0 /var/www/dbdmart/yii/framework/web/CWebApplication.php(141): CWebApplication->runController('favicon.ico')
#1 /var/www/dbdmart/yii/framework/base/CApplication.php(169): CWebApplication->processRequest()
#2 /var/www/dbdmart/index.php(13): CApplication->run()
#3 {main}
REQUEST_URI=/favicon.ico
---
2013/06/14 11:57:16 [error] [exception.CHttpException.404] exception 'CHttpException' with message 'Unable to resolve the request "favicon.ico".' in /var/www/dbdmart/yii/framework/web/CWebApplication.php:286
Stack trace:
#0 /var/www/dbdmart/yii/framework/web/CWebApplication.php(141): CWebApplication->runController('favicon.ico')
#1 /var/www/dbdmart/yii/framework/base/CApplication.php(169): CWebApplication->processRequest()
#2 /var/www/dbdmart/index.php(13): CApplication->run()
#3 {main}
REQUEST_URI=/favicon.ico
---
2013/06/14 11:57:19 [error] [exception.CHttpException.404] exception 'CHttpException' with message 'Unable to resolve the request "favicon.ico".' in /var/www/dbdmart/yii/framework/web/CWebApplication.php:286
Stack trace:
#0 /var/www/dbdmart/yii/framework/web/CWebApplication.php(141): CWebApplication->runController('favicon.ico')
#1 /var/www/dbdmart/yii/framework/base/CApplication.php(169): CWebApplication->processRequest()
#2 /var/www/dbdmart/index.php(13): CApplication->run()
#3 {main}
REQUEST_URI=/favicon.ico
---
2013/06/14 11:57:23 [error] [exception.CHttpException.403] exception 'CHttpException' with message 'You are not allowed to access this page.' in /var/www/dbdmart/yii/framework/gii/GiiModule.php:168
Stack trace:
#0 /var/www/dbdmart/yii/framework/web/CController.php(263): GiiModule->beforeControllerAction(Object(DefaultController), Object(CInlineAction))
#1 /var/www/dbdmart/yii/framework/web/CWebApplication.php(282): CController->run('')
#2 /var/www/dbdmart/yii/framework/web/CWebApplication.php(141): CWebApplication->runController('gii')
#3 /var/www/dbdmart/yii/framework/base/CApplication.php(169): CWebApplication->processRequest()
#4 /var/www/dbdmart/index.php(13): CApplication->run()
#5 {main}
REQUEST_URI=/gii
---
2013/06/14 11:57:25 [error] [exception.CHttpException.404] exception 'CHttpException' with message 'Unable to resolve the request "favicon.ico".' in /var/www/dbdmart/yii/framework/web/CWebApplication.php:286
Stack trace:
#0 /var/www/dbdmart/yii/framework/web/CWebApplication.php(141): CWebApplication->runController('favicon.ico')
#1 /var/www/dbdmart/yii/framework/base/CApplication.php(169): CWebApplication->processRequest()
#2 /var/www/dbdmart/index.php(13): CApplication->run()
#3 {main}
REQUEST_URI=/favicon.ico
---
2013/06/14 11:57:43 [error] [exception.CHttpException.403] exception 'CHttpException' with message 'You are not allowed to access this page.' in /var/www/dbdmart/yii/framework/gii/GiiModule.php:168
Stack trace:
#0 /var/www/dbdmart/yii/framework/web/CController.php(263): GiiModule->beforeControllerAction(Object(DefaultController), Object(CInlineAction))
#1 /var/www/dbdmart/yii/framework/web/CWebApplication.php(282): CController->run('')
#2 /var/www/dbdmart/yii/framework/web/CWebApplication.php(141): CWebApplication->runController('gii')
#3 /var/www/dbdmart/yii/framework/base/CApplication.php(169): CWebApplication->processRequest()
#4 /var/www/dbdmart/index.php(13): CApplication->run()
#5 {main}
REQUEST_URI=/gii
---
2013/06/14 11:57:44 [error] [exception.CHttpException.404] exception 'CHttpException' with message 'Unable to resolve the request "favicon.ico".' in /var/www/dbdmart/yii/framework/web/CWebApplication.php:286
Stack trace:
#0 /var/www/dbdmart/yii/framework/web/CWebApplication.php(141): CWebApplication->runController('favicon.ico')
#1 /var/www/dbdmart/yii/framework/base/CApplication.php(169): CWebApplication->processRequest()
#2 /var/www/dbdmart/index.php(13): CApplication->run()
#3 {main}
REQUEST_URI=/favicon.ico
---
2013/06/14 11:57:45 [error] [exception.CHttpException.403] exception 'CHttpException' with message 'You are not allowed to access this page.' in /var/www/dbdmart/yii/framework/gii/GiiModule.php:168
Stack trace:
#0 /var/www/dbdmart/yii/framework/web/CController.php(263): GiiModule->beforeControllerAction(Object(DefaultController), Object(CInlineAction))
#1 /var/www/dbdmart/yii/framework/web/CWebApplication.php(282): CController->run('')
#2 /var/www/dbdmart/yii/framework/web/CWebApplication.php(141): CWebApplication->runController('gii')
#3 /var/www/dbdmart/yii/framework/base/CApplication.php(169): CWebApplication->processRequest()
#4 /var/www/dbdmart/index.php(13): CApplication->run()
#5 {main}
REQUEST_URI=/gii
---
2013/06/14 11:57:45 [error] [exception.CHttpException.404] exception 'CHttpException' with message 'Unable to resolve the request "favicon.ico".' in /var/www/dbdmart/yii/framework/web/CWebApplication.php:286
Stack trace:
#0 /var/www/dbdmart/yii/framework/web/CWebApplication.php(141): CWebApplication->runController('favicon.ico')
#1 /var/www/dbdmart/yii/framework/base/CApplication.php(169): CWebApplication->processRequest()
#2 /var/www/dbdmart/index.php(13): CApplication->run()
#3 {main}
REQUEST_URI=/favicon.ico
---
2013/06/14 11:57:49 [error] [exception.CHttpException.404] exception 'CHttpException' with message 'Unable to resolve the request "favicon.ico".' in /var/www/dbdmart/yii/framework/web/CWebApplication.php:286
Stack trace:
#0 /var/www/dbdmart/yii/framework/web/CWebApplication.php(141): CWebApplication->runController('favicon.ico')
#1 /var/www/dbdmart/yii/framework/base/CApplication.php(169): CWebApplication->processRequest()
#2 /var/www/dbdmart/index.php(13): CApplication->run()
#3 {main}
REQUEST_URI=/favicon.ico
---
2013/06/14 11:58:01 [error] [exception.CHttpException.404] exception 'CHttpException' with message 'Unable to resolve the request "favicon.ico".' in /var/www/dbdmart/yii/framework/web/CWebApplication.php:286
Stack trace:
#0 /var/www/dbdmart/yii/framework/web/CWebApplication.php(141): CWebApplication->runController('favicon.ico')
#1 /var/www/dbdmart/yii/framework/base/CApplication.php(169): CWebApplication->processRequest()
#2 /var/www/dbdmart/index.php(13): CApplication->run()
#3 {main}
REQUEST_URI=/favicon.ico
---
2013/06/14 11:58:05 [error] [exception.CHttpException.404] exception 'CHttpException' with message 'Unable to resolve the request "favicon.ico".' in /var/www/dbdmart/yii/framework/web/CWebApplication.php:286
Stack trace:
#0 /var/www/dbdmart/yii/framework/web/CWebApplication.php(141): CWebApplication->runController('favicon.ico')
#1 /var/www/dbdmart/yii/framework/base/CApplication.php(169): CWebApplication->processRequest()
#2 /var/www/dbdmart/index.php(13): CApplication->run()
#3 {main}
REQUEST_URI=/favicon.ico
---
2013/06/14 11:58:08 [error] [exception.CHttpException.404] exception 'CHttpException' with message 'Unable to resolve the request "favicon.ico".' in /var/www/dbdmart/yii/framework/web/CWebApplication.php:286
Stack trace:
#0 /var/www/dbdmart/yii/framework/web/CWebApplication.php(141): CWebApplication->runController('favicon.ico')
#1 /var/www/dbdmart/yii/framework/base/CApplication.php(169): CWebApplication->processRequest()
#2 /var/www/dbdmart/index.php(13): CApplication->run()
#3 {main}
REQUEST_URI=/favicon.ico
---
2013/06/14 11:58:10 [error] [exception.CHttpException.404] exception 'CHttpException' with message 'Unable to resolve the request "favicon.ico".' in /var/www/dbdmart/yii/framework/web/CWebApplication.php:286
Stack trace:
#0 /var/www/dbdmart/yii/framework/web/CWebApplication.php(141): CWebApplication->runController('favicon.ico')
#1 /var/www/dbdmart/yii/framework/base/CApplication.php(169): CWebApplication->processRequest()
#2 /var/www/dbdmart/index.php(13): CApplication->run()
#3 {main}
REQUEST_URI=/favicon.ico
---
2013/06/14 11:58:14 [error] [exception.CHttpException.403] exception 'CHttpException' with message 'You are not allowed to access this page.' in /var/www/dbdmart/yii/framework/gii/GiiModule.php:168
Stack trace:
#0 /var/www/dbdmart/yii/framework/web/CController.php(263): GiiModule->beforeControllerAction(Object(DefaultController), Object(CInlineAction))
#1 /var/www/dbdmart/yii/framework/web/CWebApplication.php(282): CController->run('')
#2 /var/www/dbdmart/yii/framework/web/CWebApplication.php(141): CWebApplication->runController('gii')
#3 /var/www/dbdmart/yii/framework/base/CApplication.php(169): CWebApplication->processRequest()
#4 /var/www/dbdmart/index.php(13): CApplication->run()
#5 {main}
REQUEST_URI=/gii
---
2013/06/14 11:58:15 [error] [exception.CHttpException.404] exception 'CHttpException' with message 'Unable to resolve the request "favicon.ico".' in /var/www/dbdmart/yii/framework/web/CWebApplication.php:286
Stack trace:
#0 /var/www/dbdmart/yii/framework/web/CWebApplication.php(141): CWebApplication->runController('favicon.ico')
#1 /var/www/dbdmart/yii/framework/base/CApplication.php(169): CWebApplication->processRequest()
#2 /var/www/dbdmart/index.php(13): CApplication->run()
#3 {main}
REQUEST_URI=/favicon.ico
---
2013/06/14 11:58:31 [error] [exception.CHttpException.404] exception 'CHttpException' with message 'Unable to resolve the request "gii".' in /var/www/dbdmart/yii/framework/web/CWebApplication.php:286
Stack trace:
#0 /var/www/dbdmart/yii/framework/web/CWebApplication.php(141): CWebApplication->runController('gii')
#1 /var/www/dbdmart/yii/framework/base/CApplication.php(169): CWebApplication->processRequest()
#2 /var/www/dbdmart/index.php(13): CApplication->run()
#3 {main}
REQUEST_URI=/gii
---
2013/06/14 11:58:31 [error] [exception.CHttpException.404] exception 'CHttpException' with message 'Unable to resolve the request "favicon.ico".' in /var/www/dbdmart/yii/framework/web/CWebApplication.php:286
Stack trace:
#0 /var/www/dbdmart/yii/framework/web/CWebApplication.php(141): CWebApplication->runController('favicon.ico')
#1 /var/www/dbdmart/yii/framework/base/CApplication.php(169): CWebApplication->processRequest()
#2 /var/www/dbdmart/index.php(13): CApplication->run()
#3 {main}
REQUEST_URI=/favicon.ico
---
2013/06/14 11:58:32 [error] [exception.CHttpException.404] exception 'CHttpException' with message 'Unable to resolve the request "gii".' in /var/www/dbdmart/yii/framework/web/CWebApplication.php:286
Stack trace:
#0 /var/www/dbdmart/yii/framework/web/CWebApplication.php(141): CWebApplication->runController('gii')
#1 /var/www/dbdmart/yii/framework/base/CApplication.php(169): CWebApplication->processRequest()
#2 /var/www/dbdmart/index.php(13): CApplication->run()
#3 {main}
REQUEST_URI=/gii
---
2013/06/14 11:58:33 [error] [exception.CHttpException.404] exception 'CHttpException' with message 'Unable to resolve the request "favicon.ico".' in /var/www/dbdmart/yii/framework/web/CWebApplication.php:286
Stack trace:
#0 /var/www/dbdmart/yii/framework/web/CWebApplication.php(141): CWebApplication->runController('favicon.ico')
#1 /var/www/dbdmart/yii/framework/base/CApplication.php(169): CWebApplication->processRequest()
#2 /var/www/dbdmart/index.php(13): CApplication->run()
#3 {main}
REQUEST_URI=/favicon.ico
---
2013/06/14 11:58:38 [error] [exception.CHttpException.404] exception 'CHttpException' with message 'Unable to resolve the request "favicon.ico".' in /var/www/dbdmart/yii/framework/web/CWebApplication.php:286
Stack trace:
#0 /var/www/dbdmart/yii/framework/web/CWebApplication.php(141): CWebApplication->runController('favicon.ico')
#1 /var/www/dbdmart/yii/framework/base/CApplication.php(169): CWebApplication->processRequest()
#2 /var/www/dbdmart/index.php(13): CApplication->run()
#3 {main}
REQUEST_URI=/favicon.ico
---
2013/06/14 11:58:40 [error] [exception.CHttpException.404] exception 'CHttpException' with message 'Unable to resolve the request "gii".' in /var/www/dbdmart/yii/framework/web/CWebApplication.php:286
Stack trace:
#0 /var/www/dbdmart/yii/framework/web/CWebApplication.php(141): CWebApplication->runController('gii')
#1 /var/www/dbdmart/yii/framework/base/CApplication.php(169): CWebApplication->processRequest()
#2 /var/www/dbdmart/index.php(13): CApplication->run()
#3 {main}
REQUEST_URI=/gii
---
2013/06/14 11:58:41 [error] [exception.CHttpException.404] exception 'CHttpException' with message 'Unable to resolve the request "favicon.ico".' in /var/www/dbdmart/yii/framework/web/CWebApplication.php:286
Stack trace:
#0 /var/www/dbdmart/yii/framework/web/CWebApplication.php(141): CWebApplication->runController('favicon.ico')
#1 /var/www/dbdmart/yii/framework/base/CApplication.php(169): CWebApplication->processRequest()
#2 /var/www/dbdmart/index.php(13): CApplication->run()
#3 {main}
REQUEST_URI=/favicon.ico
---
2013/06/14 11:58:41 [error] [exception.CHttpException.404] exception 'CHttpException' with message 'Unable to resolve the request "favicon.ico".' in /var/www/dbdmart/yii/framework/web/CWebApplication.php:286
Stack trace:
#0 /var/www/dbdmart/yii/framework/web/CWebApplication.php(141): CWebApplication->runController('favicon.ico')
#1 /var/www/dbdmart/yii/framework/base/CApplication.php(169): CWebApplication->processRequest()
#2 /var/www/dbdmart/index.php(13): CApplication->run()
#3 {main}
REQUEST_URI=/favicon.ico
---
2013/06/14 11:59:22 [error] [exception.CHttpException.404] exception 'CHttpException' with message 'Unable to resolve the request "favicon.ico".' in /var/www/dbdmart/yii/framework/web/CWebApplication.php:286
Stack trace:
#0 /var/www/dbdmart/yii/framework/web/CWebApplication.php(141): CWebApplication->runController('favicon.ico')
#1 /var/www/dbdmart/yii/framework/base/CApplication.php(169): CWebApplication->processRequest()
#2 /var/www/dbdmart/index.php(13): CApplication->run()
#3 {main}
REQUEST_URI=/favicon.ico
---
2013/06/14 11:59:37 [error] [exception.CHttpException.404] exception 'CHttpException' with message 'Unable to resolve the request "favicon.ico".' in /var/www/dbdmart/yii/framework/web/CWebApplication.php:286
Stack trace:
#0 /var/www/dbdmart/yii/framework/web/CWebApplication.php(141): CWebApplication->runController('favicon.ico')
#1 /var/www/dbdmart/yii/framework/base/CApplication.php(169): CWebApplication->processRequest()
#2 /var/www/dbdmart/index.php(13): CApplication->run()
#3 {main}
REQUEST_URI=/favicon.ico
---
2013/06/14 11:59:38 [error] [exception.CHttpException.404] exception 'CHttpException' with message 'Unable to resolve the request "favicon.ico".' in /var/www/dbdmart/yii/framework/web/CWebApplication.php:286
Stack trace:
#0 /var/www/dbdmart/yii/framework/web/CWebApplication.php(141): CWebApplication->runController('favicon.ico')
#1 /var/www/dbdmart/yii/framework/base/CApplication.php(169): CWebApplication->processRequest()
#2 /var/www/dbdmart/index.php(13): CApplication->run()
#3 {main}
REQUEST_URI=/favicon.ico
---
2013/06/14 11:59:40 [error] [exception.CHttpException.404] exception 'CHttpException' with message 'Unable to resolve the request "favicon.ico".' in /var/www/dbdmart/yii/framework/web/CWebApplication.php:286
Stack trace:
#0 /var/www/dbdmart/yii/framework/web/CWebApplication.php(141): CWebApplication->runController('favicon.ico')
#1 /var/www/dbdmart/yii/framework/base/CApplication.php(169): CWebApplication->processRequest()
#2 /var/www/dbdmart/index.php(13): CApplication->run()
#3 {main}
REQUEST_URI=/favicon.ico
---
2013/06/14 11:59:43 [error] [exception.CHttpException.404] exception 'CHttpException' with message 'Unable to resolve the request "favicon.ico".' in /var/www/dbdmart/yii/framework/web/CWebApplication.php:286
Stack trace:
#0 /var/www/dbdmart/yii/framework/web/CWebApplication.php(141): CWebApplication->runController('favicon.ico')
#1 /var/www/dbdmart/yii/framework/base/CApplication.php(169): CWebApplication->processRequest()
#2 /var/www/dbdmart/index.php(13): CApplication->run()
#3 {main}
REQUEST_URI=/favicon.ico
---
2013/06/14 11:59:52 [error] [exception.CHttpException.404] exception 'CHttpException' with message 'Unable to resolve the request "favicon.ico".' in /var/www/dbdmart/yii/framework/web/CWebApplication.php:286
Stack trace:
#0 /var/www/dbdmart/yii/framework/web/CWebApplication.php(141): CWebApplication->runController('favicon.ico')
#1 /var/www/dbdmart/yii/framework/base/CApplication.php(169): CWebApplication->processRequest()
#2 /var/www/dbdmart/index.php(13): CApplication->run()
#3 {main}
REQUEST_URI=/favicon.ico
---
2013/06/14 12:00:41 [error] [exception.CHttpException.404] exception 'CHttpException' with message 'Unable to resolve the request "favicon.ico".' in /var/www/dbdmart/yii/framework/web/CWebApplication.php:286
Stack trace:
#0 /var/www/dbdmart/yii/framework/web/CWebApplication.php(141): CWebApplication->runController('favicon.ico')
#1 /var/www/dbdmart/yii/framework/base/CApplication.php(169): CWebApplication->processRequest()
#2 /var/www/dbdmart/index.php(13): CApplication->run()
#3 {main}
REQUEST_URI=/favicon.ico
---
2013/06/14 14:10:22 [error] [exception.CHttpException.404] exception 'CHttpException' with message 'Unable to resolve the request "favicon.ico".' in /var/www/dbdmart/yii/framework/web/CWebApplication.php:286
Stack trace:
#0 /var/www/dbdmart/yii/framework/web/CWebApplication.php(141): CWebApplication->runController('favicon.ico')
#1 /var/www/dbdmart/yii/framework/base/CApplication.php(169): CWebApplication->processRequest()
#2 /var/www/dbdmart/index.php(13): CApplication->run()
#3 {main}
REQUEST_URI=/favicon.ico
---
2013/06/14 14:45:05 [error] [exception.CHttpException.404] exception 'CHttpException' with message 'Unable to resolve the request "favicon.ico".' in /var/www/dbdmart/yii/framework/web/CWebApplication.php:286
Stack trace:
#0 /var/www/dbdmart/yii/framework/web/CWebApplication.php(141): CWebApplication->runController('favicon.ico')
#1 /var/www/dbdmart/yii/framework/base/CApplication.php(169): CWebApplication->processRequest()
#2 /var/www/dbdmart/index.php(13): CApplication->run()
#3 {main}
REQUEST_URI=/favicon.ico
---
